<?xml version="1.0" encoding="UTF-8"?>
<testng-results skipped="0" failed="0" total="1" passed="1">
  <reporter-output>
  </reporter-output>
  <suite name="Suite" duration-ms="12381" started-at="2019-04-23T13:23:29Z" finished-at="2019-04-23T13:23:42Z">
    <groups>
    </groups>
    <test name="Test" duration-ms="12381" started-at="2019-04-23T13:23:29Z" finished-at="2019-04-23T13:23:42Z">
      <class name="com.comein.testCase.Login">
        <test-method status="PASS" signature="test()[pri:0, instance:com.comein.testCase.Login@4d1bf319]" name="test" duration-ms="12361" started-at="2019-04-23T21:23:29Z" finished-at="2019-04-23T21:23:42Z">
          <reporter-output>
          </reporter-output>
        </test-method> <!-- test -->
      </class> <!-- com.comein.testCase.Login -->
    </test> <!-- Test -->
  </suite> <!-- Suite -->
</testng-results>
