<?xml version="1.0" encoding="UTF-8"?>
<testng-results skipped="0" failed="0" total="2" passed="2">
  <reporter-output>
  </reporter-output>
  <suite name="Suite" duration-ms="13343" started-at="2019-04-24T06:52:56Z" finished-at="2019-04-24T06:53:09Z">
    <groups>
    </groups>
    <test name="Test" duration-ms="13343" started-at="2019-04-24T06:52:56Z" finished-at="2019-04-24T06:53:09Z">
      <class name="com.cn.comein.TestCase.Login">
        <test-method status="PASS" signature="loginHome()[pri:0, instance:com.cn.comein.TestCase.Login@942a29c]" name="loginHome" duration-ms="12213" started-at="2019-04-24T14:52:56Z" finished-at="2019-04-24T14:53:08Z">
          <reporter-output>
          </reporter-output>
        </test-method> <!-- loginHome -->
        <test-method status="PASS" signature="testLogin()[pri:0, instance:com.cn.comein.TestCase.Login@942a29c]" name="testLogin" duration-ms="1114" started-at="2019-04-24T14:53:08Z" depends-on-methods="com.cn.comein.TestCase.Login.loginHome" finished-at="2019-04-24T14:53:09Z">
          <reporter-output>
          </reporter-output>
        </test-method> <!-- testLogin -->
      </class> <!-- com.cn.comein.TestCase.Login -->
    </test> <!-- Test -->
  </suite> <!-- Suite -->
</testng-results>
