<?xml version="1.0" encoding="UTF-8"?>
<testng-results skipped="0" failed="0" total="2" passed="2">
  <reporter-output>
  </reporter-output>
  <suite name="Suite" duration-ms="6859" started-at="2019-04-23T13:04:18Z" finished-at="2019-04-23T13:04:24Z">
    <groups>
    </groups>
    <test name="Test" duration-ms="6859" started-at="2019-04-23T13:04:18Z" finished-at="2019-04-23T13:04:24Z">
      <class name="com.cn.comein.TestCase.Login">
        <test-method status="PASS" signature="loginHome()[pri:0, instance:com.cn.comein.TestCase.Login@383bfa16]" name="loginHome" duration-ms="5369" started-at="2019-04-23T21:04:18Z" finished-at="2019-04-23T21:04:23Z">
          <reporter-output>
          </reporter-output>
        </test-method> <!-- loginHome -->
        <test-method status="PASS" signature="testLogin()[pri:0, instance:com.cn.comein.TestCase.Login@383bfa16]" name="testLogin" duration-ms="1358" started-at="2019-04-23T21:04:23Z" depends-on-methods="com.cn.comein.TestCase.Login.loginHome" finished-at="2019-04-23T21:04:24Z">
          <reporter-output>
          </reporter-output>
        </test-method> <!-- testLogin -->
      </class> <!-- com.cn.comein.TestCase.Login -->
    </test> <!-- Test -->
  </suite> <!-- Suite -->
</testng-results>
